[2023-09-14 18:20:54,267] 225 werkzeug -WARNING  * Running on all addresses.
   WARNING: This is a development server. Do not use it in a production deployment.
[2023-09-14 18:20:54,268] 225 werkzeug -INFO  * Running on http://192.168.1.11:8000/ (Press CTRL+C to quit)
[2023-09-14 18:21:08,228] 1458 app -ERROR Exception on / [GET]
Traceback (most recent call last):
  File "C:\Users\KRUSHNA\CreditCardDefult\env\lib\site-packages\flask\app.py", line 2073, in wsgi_app
    response = self.full_dispatch_request()
  File "C:\Users\KRUSHNA\CreditCardDefult\env\lib\site-packages\flask\app.py", line 1518, in full_dispatch_request
    rv = self.handle_user_exception(e)
  File "C:\Users\KRUSHNA\CreditCardDefult\env\lib\site-packages\flask\app.py", line 1516, in full_dispatch_request
    rv = self.dispatch_request()
  File "C:\Users\KRUSHNA\CreditCardDefult\env\lib\site-packages\flask\app.py", line 1502, in dispatch_request
    return self.ensure_sync(self.view_functions[rule.endpoint])(**req.view_args)
  File "app.py", line 9, in home_page
    return render_template('index.html')
  File "C:\Users\KRUSHNA\CreditCardDefult\env\lib\site-packages\flask\templating.py", line 148, in render_template
    ctx.app.jinja_env.get_or_select_template(template_name_or_list),
  File "C:\Users\KRUSHNA\CreditCardDefult\env\lib\site-packages\jinja2\environment.py", line 1068, in get_or_select_template
    return self.get_template(template_name_or_list, parent, globals)
  File "C:\Users\KRUSHNA\CreditCardDefult\env\lib\site-packages\jinja2\environment.py", line 997, in get_template
    return self._load_template(name, globals)
  File "C:\Users\KRUSHNA\CreditCardDefult\env\lib\site-packages\jinja2\environment.py", line 958, in _load_template
    template = self.loader.load(self, name, self.make_globals(globals))
  File "C:\Users\KRUSHNA\CreditCardDefult\env\lib\site-packages\jinja2\loaders.py", line 125, in load
    source, filename, uptodate = self.get_source(environment, name)
  File "C:\Users\KRUSHNA\CreditCardDefult\env\lib\site-packages\flask\templating.py", line 59, in get_source
    return self._get_source_fast(environment, template)
  File "C:\Users\KRUSHNA\CreditCardDefult\env\lib\site-packages\flask\templating.py", line 95, in _get_source_fast
    raise TemplateNotFound(template)
jinja2.exceptions.TemplateNotFound: index.html
[2023-09-14 18:21:08,246] 225 werkzeug -INFO 127.0.0.1 - - [14/Sep/2023 18:21:08] "[35m[1mGET / HTTP/1.1[0m" 500 -
[2023-09-14 18:21:08,311] 225 werkzeug -INFO 127.0.0.1 - - [14/Sep/2023 18:21:08] "[33mGET /favicon.ico HTTP/1.1[0m" 404 -
[2023-09-14 18:21:30,498] 1458 app -ERROR Exception on / [GET]
Traceback (most recent call last):
  File "C:\Users\KRUSHNA\CreditCardDefult\env\lib\site-packages\flask\app.py", line 2073, in wsgi_app
    response = self.full_dispatch_request()
  File "C:\Users\KRUSHNA\CreditCardDefult\env\lib\site-packages\flask\app.py", line 1518, in full_dispatch_request
    rv = self.handle_user_exception(e)
  File "C:\Users\KRUSHNA\CreditCardDefult\env\lib\site-packages\flask\app.py", line 1516, in full_dispatch_request
    rv = self.dispatch_request()
  File "C:\Users\KRUSHNA\CreditCardDefult\env\lib\site-packages\flask\app.py", line 1502, in dispatch_request
    return self.ensure_sync(self.view_functions[rule.endpoint])(**req.view_args)
  File "app.py", line 9, in home_page
    return render_template('index.html')
  File "C:\Users\KRUSHNA\CreditCardDefult\env\lib\site-packages\flask\templating.py", line 148, in render_template
    ctx.app.jinja_env.get_or_select_template(template_name_or_list),
  File "C:\Users\KRUSHNA\CreditCardDefult\env\lib\site-packages\jinja2\environment.py", line 1068, in get_or_select_template
    return self.get_template(template_name_or_list, parent, globals)
  File "C:\Users\KRUSHNA\CreditCardDefult\env\lib\site-packages\jinja2\environment.py", line 997, in get_template
    return self._load_template(name, globals)
  File "C:\Users\KRUSHNA\CreditCardDefult\env\lib\site-packages\jinja2\environment.py", line 958, in _load_template
    template = self.loader.load(self, name, self.make_globals(globals))
  File "C:\Users\KRUSHNA\CreditCardDefult\env\lib\site-packages\jinja2\loaders.py", line 125, in load
    source, filename, uptodate = self.get_source(environment, name)
  File "C:\Users\KRUSHNA\CreditCardDefult\env\lib\site-packages\flask\templating.py", line 59, in get_source
    return self._get_source_fast(environment, template)
  File "C:\Users\KRUSHNA\CreditCardDefult\env\lib\site-packages\flask\templating.py", line 95, in _get_source_fast
    raise TemplateNotFound(template)
jinja2.exceptions.TemplateNotFound: index.html
[2023-09-14 18:21:30,501] 225 werkzeug -INFO 127.0.0.1 - - [14/Sep/2023 18:21:30] "[35m[1mGET / HTTP/1.1[0m" 500 -
